

Working Directory = /2tb/home/okars/asic/fir
QoS Summary for symmetricFIR
================================================================================
Metric                          final          
================================================================================
Slack (ps):                    -3,761
  R2R (ps):                     2,418
  I2R (ps):                     2,048
  R2O (ps):                    -3,761
  I2O (ps):                    -3,546
  CG  (ps):                  no_value
TNS (ps):                      56,234
  R2R (ps):                         0
  I2R (ps):                         0
  R2O (ps):                    56,234
  I2O (ps):                    51,835
  CG  (ps):                  no_value
Failing Paths:                     20
Cell Area:                    103,857
Total Cell Area:              103,857
Leaf Instances:                 9,910
Total Instances:                9,910
Utilization (%):                 0.00
Tot. Net Length (um):        no_value
Avg. Net Length (um):        no_value
Route Overflow H (%):        no_value
Route Overflow V (%):        no_value
MBCI(%) (bits/gate) :            0.00
Norm Cong Hotspot Area:
  Max Cong:                  no_value
  Tot Cong:                  no_value
================================================================================
CPU  Runtime (h:m:s):        00:13:40
Real Runtime (h:m:s):        00:13:25
CPU  Elapsed (h:m:s):        00:13:44
Real Elapsed (h:m:s):        00:13:26
Memory (MB):                  1718.20
================================================================================
================================================================================
Flow Settings:
================================================================================
Total Runtime (h:m:s): 00:13:26
Total Memory (MB):     1718.20
Executable Version:    19.14-s108_1
================================================================================
Total Cell Area =  Cell Area + Physical Cell Area
Total Instances =  Leaf Instances + Physical Instances


