============================================================
  Generated by:           Genus(TM) Synthesis Solution 19.14-s108_1
  Generated on:           Nov 20 2024  06:26:05 am
  Module:                 symmetricFIR
  Library domain:         SLT
    Domain index:         0
    Technology library:   sky130_fd_sc_hd__ss_n40C_1v60 1.0000000000
  Operating conditions:   ss_n40C_1v60 
  Interconnect mode:      global
  Area mode:              timing library
============================================================

Timing
--------

 Analysis view   Clock  Period 
-------------------------------
SLT_Cworst_FUNC fir_clk 5000.0 


    Analysis      Cost   Critical            Violating 
      View       Group  Path Slack    TNS      Paths   
-------------------------------------------------------
SLT_Cworst_FUNC default   No paths      0.0          0 
                fir_clk    -3761.1 -56234.5         20 
-------------------------------------------------------
Total                              -56234.5         20 
                                                       

Instance Count
--------------
Leaf Instance Count             9910 
Physical Instance count            0 
Sequential Instance Count        192 
Combinational Instance Count    9718 
Hierarchical Instance Count        0 

Area
----
Cell Area                          55994.954
Physical Cell Area                 0.000
Total Cell Area (Cell+Physical)    55994.954
Net Area                           47861.783
Total Area (Cell+Physical+Net)     103856.737

Runtime                            0.0 seconds
Elapsed Runtime                    813 seconds
Genus peak memory usage            1718.20 
Innovus peak memory usage          no_value 
Hostname                           nemesys3
