============================================================
  Generated by:           Genus(TM) Synthesis Solution 19.14-s108_1
  Generated on:           Nov 20 2024  06:26:09 am
  Module:                 symmetricFIR
  Library domain:         SLT
    Domain index:         0
    Technology library:   sky130_fd_sc_hd__ss_n40C_1v60 1.0000000000
  Operating conditions:   ss_n40C_1v60 
  Interconnect mode:      global
  Area mode:              timing library
============================================================


 	 External Delays & Exceptions
	 ---------------------------- 
                              Rise      Fall              Ext Delay             Exception  
     Port     Dir   Clock    Delay     Delay                Object             Object/Type 
-------------------------------------------------------------------------------------------
 clk_i         in  N/A           N/A       N/A  N/A                                    N/A 
 rst_i         in  fir_clk     500.0     500.0  symmetricFIR.sdc_line_22               N/A 
                   fir_clk  no_value  no_value  symmetricFIR.sdc_line_23                   
 load_i        in  fir_clk     500.0     500.0  symmetricFIR.sdc_line_22_1_1           N/A 
                   fir_clk  no_value  no_value  symmetricFIR.sdc_line_23_61_1              
 coef0_i[7]    in  fir_clk     500.0     500.0  symmetricFIR.sdc_line_22_2_1           N/A 
                   fir_clk  no_value  no_value  symmetricFIR.sdc_line_23_62_1              
 coef0_i[6]    in  fir_clk     500.0     500.0  symmetricFIR.sdc_line_22_3_1           N/A 
                   fir_clk  no_value  no_value  symmetricFIR.sdc_line_23_63_1              
 coef0_i[5]    in  fir_clk     500.0     500.0  symmetricFIR.sdc_line_22_4_1           N/A 
                   fir_clk  no_value  no_value  symmetricFIR.sdc_line_23_64_1              
 coef0_i[4]    in  fir_clk     500.0     500.0  symmetricFIR.sdc_line_22_5_1           N/A 
                   fir_clk  no_value  no_value  symmetricFIR.sdc_line_23_65_1              
 coef0_i[3]    in  fir_clk     500.0     500.0  symmetricFIR.sdc_line_22_6_1           N/A 
                   fir_clk  no_value  no_value  symmetricFIR.sdc_line_23_66_1              
 coef0_i[2]    in  fir_clk     500.0     500.0  symmetricFIR.sdc_line_22_7_1           N/A 
                   fir_clk  no_value  no_value  symmetricFIR.sdc_line_23_67_1              
 coef0_i[1]    in  fir_clk     500.0     500.0  symmetricFIR.sdc_line_22_8_1           N/A 
                   fir_clk  no_value  no_value  symmetricFIR.sdc_line_23_68_1              
 coef0_i[0]    in  fir_clk     500.0     500.0  symmetricFIR.sdc_line_22_9_1           N/A 
                   fir_clk  no_value  no_value  symmetricFIR.sdc_line_23_69_1              
 coef1_i[7]    in  fir_clk     500.0     500.0  symmetricFIR.sdc_line_22_10_1          N/A 
                   fir_clk  no_value  no_value  symmetricFIR.sdc_line_23_70_1              
 coef1_i[6]    in  fir_clk     500.0     500.0  symmetricFIR.sdc_line_22_11_1          N/A 
                   fir_clk  no_value  no_value  symmetricFIR.sdc_line_23_71_1              
 coef1_i[5]    in  fir_clk     500.0     500.0  symmetricFIR.sdc_line_22_12_1          N/A 
                   fir_clk  no_value  no_value  symmetricFIR.sdc_line_23_72_1              
 coef1_i[4]    in  fir_clk     500.0     500.0  symmetricFIR.sdc_line_22_13_1          N/A 
                   fir_clk  no_value  no_value  symmetricFIR.sdc_line_23_73_1              
 coef1_i[3]    in  fir_clk     500.0     500.0  symmetricFIR.sdc_line_22_14_1          N/A 
                   fir_clk  no_value  no_value  symmetricFIR.sdc_line_23_74_1              
 coef1_i[2]    in  fir_clk     500.0     500.0  symmetricFIR.sdc_line_22_15_1          N/A 
                   fir_clk  no_value  no_value  symmetricFIR.sdc_line_23_75_1              
 coef1_i[1]    in  fir_clk     500.0     500.0  symmetricFIR.sdc_line_22_16_1          N/A 
                   fir_clk  no_value  no_value  symmetricFIR.sdc_line_23_76_1              
 coef1_i[0]    in  fir_clk     500.0     500.0  symmetricFIR.sdc_line_22_17_1          N/A 
                   fir_clk  no_value  no_value  symmetricFIR.sdc_line_23_77_1              
 coef2_i[7]    in  fir_clk     500.0     500.0  symmetricFIR.sdc_line_22_18_1          N/A 
                   fir_clk  no_value  no_value  symmetricFIR.sdc_line_23_78_1              
 coef2_i[6]    in  fir_clk     500.0     500.0  symmetricFIR.sdc_line_22_19_1          N/A 
                   fir_clk  no_value  no_value  symmetricFIR.sdc_line_23_79_1              
 coef2_i[5]    in  fir_clk     500.0     500.0  symmetricFIR.sdc_line_22_20_1          N/A 
                   fir_clk  no_value  no_value  symmetricFIR.sdc_line_23_80_1              
 coef2_i[4]    in  fir_clk     500.0     500.0  symmetricFIR.sdc_line_22_21_1          N/A 
                   fir_clk  no_value  no_value  symmetricFIR.sdc_line_23_81_1              
 coef2_i[3]    in  fir_clk     500.0     500.0  symmetricFIR.sdc_line_22_22_1          N/A 
                   fir_clk  no_value  no_value  symmetricFIR.sdc_line_23_82_1              
 coef2_i[2]    in  fir_clk     500.0     500.0  symmetricFIR.sdc_line_22_23_1          N/A 
                   fir_clk  no_value  no_value  symmetricFIR.sdc_line_23_83_1              
 coef2_i[1]    in  fir_clk     500.0     500.0  symmetricFIR.sdc_line_22_24_1          N/A 
                   fir_clk  no_value  no_value  symmetricFIR.sdc_line_23_84_1              
 coef2_i[0]    in  fir_clk     500.0     500.0  symmetricFIR.sdc_line_22_25_1          N/A 
                   fir_clk  no_value  no_value  symmetricFIR.sdc_line_23_85_1              
 coef3_i[7]    in  fir_clk     500.0     500.0  symmetricFIR.sdc_line_22_26_1          N/A 
                   fir_clk  no_value  no_value  symmetricFIR.sdc_line_23_86_1              
 coef3_i[6]    in  fir_clk     500.0     500.0  symmetricFIR.sdc_line_22_27_1          N/A 
                   fir_clk  no_value  no_value  symmetricFIR.sdc_line_23_87_1              
 coef3_i[5]    in  fir_clk     500.0     500.0  symmetricFIR.sdc_line_22_28_1          N/A 
                   fir_clk  no_value  no_value  symmetricFIR.sdc_line_23_88_1              
 coef3_i[4]    in  fir_clk     500.0     500.0  symmetricFIR.sdc_line_22_29_1          N/A 
                   fir_clk  no_value  no_value  symmetricFIR.sdc_line_23_89_1              
 coef3_i[3]    in  fir_clk     500.0     500.0  symmetricFIR.sdc_line_22_30_1          N/A 
                   fir_clk  no_value  no_value  symmetricFIR.sdc_line_23_90_1              
 coef3_i[2]    in  fir_clk     500.0     500.0  symmetricFIR.sdc_line_22_31_1          N/A 
                   fir_clk  no_value  no_value  symmetricFIR.sdc_line_23_91_1              
 coef3_i[1]    in  fir_clk     500.0     500.0  symmetricFIR.sdc_line_22_32_1          N/A 
                   fir_clk  no_value  no_value  symmetricFIR.sdc_line_23_92_1              
 coef3_i[0]    in  fir_clk     500.0     500.0  symmetricFIR.sdc_line_22_33_1          N/A 
                   fir_clk  no_value  no_value  symmetricFIR.sdc_line_23_93_1              
 coef4_i[7]    in  fir_clk     500.0     500.0  symmetricFIR.sdc_line_22_34_1          N/A 
                   fir_clk  no_value  no_value  symmetricFIR.sdc_line_23_94_1              
 coef4_i[6]    in  fir_clk     500.0     500.0  symmetricFIR.sdc_line_22_35_1          N/A 
                   fir_clk  no_value  no_value  symmetricFIR.sdc_line_23_95_1              
 coef4_i[5]    in  fir_clk     500.0     500.0  symmetricFIR.sdc_line_22_36_1          N/A 
                   fir_clk  no_value  no_value  symmetricFIR.sdc_line_23_96_1              
 coef4_i[4]    in  fir_clk     500.0     500.0  symmetricFIR.sdc_line_22_37_1          N/A 
                   fir_clk  no_value  no_value  symmetricFIR.sdc_line_23_97_1              
 coef4_i[3]    in  fir_clk     500.0     500.0  symmetricFIR.sdc_line_22_38_1          N/A 
                   fir_clk  no_value  no_value  symmetricFIR.sdc_line_23_98_1              
 coef4_i[2]    in  fir_clk     500.0     500.0  symmetricFIR.sdc_line_22_39_1          N/A 
                   fir_clk  no_value  no_value  symmetricFIR.sdc_line_23_99_1              
 coef4_i[1]    in  fir_clk     500.0     500.0  symmetricFIR.sdc_line_22_40_1          N/A 
                   fir_clk  no_value  no_value  symmetricFIR.sdc_line_23_100_1             
 coef4_i[0]    in  fir_clk     500.0     500.0  symmetricFIR.sdc_line_22_41_1          N/A 
                   fir_clk  no_value  no_value  symmetricFIR.sdc_line_23_101_1             
 coef5_i[7]    in  fir_clk     500.0     500.0  symmetricFIR.sdc_line_22_42_1          N/A 
                   fir_clk  no_value  no_value  symmetricFIR.sdc_line_23_102_1             
 coef5_i[6]    in  fir_clk     500.0     500.0  symmetricFIR.sdc_line_22_43_1          N/A 
                   fir_clk  no_value  no_value  symmetricFIR.sdc_line_23_103_1             
 coef5_i[5]    in  fir_clk     500.0     500.0  symmetricFIR.sdc_line_22_44_1          N/A 
                   fir_clk  no_value  no_value  symmetricFIR.sdc_line_23_104_1             
 coef5_i[4]    in  fir_clk     500.0     500.0  symmetricFIR.sdc_line_22_45_1          N/A 
                   fir_clk  no_value  no_value  symmetricFIR.sdc_line_23_105_1             
 coef5_i[3]    in  fir_clk     500.0     500.0  symmetricFIR.sdc_line_22_46_1          N/A 
                   fir_clk  no_value  no_value  symmetricFIR.sdc_line_23_106_1             
 coef5_i[2]    in  fir_clk     500.0     500.0  symmetricFIR.sdc_line_22_47_1          N/A 
                   fir_clk  no_value  no_value  symmetricFIR.sdc_line_23_107_1             
 coef5_i[1]    in  fir_clk     500.0     500.0  symmetricFIR.sdc_line_22_48_1          N/A 
                   fir_clk  no_value  no_value  symmetricFIR.sdc_line_23_108_1             
 coef5_i[0]    in  fir_clk     500.0     500.0  symmetricFIR.sdc_line_22_49_1          N/A 
                   fir_clk  no_value  no_value  symmetricFIR.sdc_line_23_109_1             
 signal_i[11]  in  fir_clk     500.0     500.0  symmetricFIR.sdc_line_22_50_1          N/A 
                   fir_clk  no_value  no_value  symmetricFIR.sdc_line_23_110_1             
 signal_i[10]  in  fir_clk     500.0     500.0  symmetricFIR.sdc_line_22_51_1          N/A 
                   fir_clk  no_value  no_value  symmetricFIR.sdc_line_23_111_1             
 signal_i[9]   in  fir_clk     500.0     500.0  symmetricFIR.sdc_line_22_52_1          N/A 
                   fir_clk  no_value  no_value  symmetricFIR.sdc_line_23_112_1             
 signal_i[8]   in  fir_clk     500.0     500.0  symmetricFIR.sdc_line_22_53_1          N/A 
                   fir_clk  no_value  no_value  symmetricFIR.sdc_line_23_113_1             
 signal_i[7]   in  fir_clk     500.0     500.0  symmetricFIR.sdc_line_22_54_1          N/A 
                   fir_clk  no_value  no_value  symmetricFIR.sdc_line_23_114_1             
 signal_i[6]   in  fir_clk     500.0     500.0  symmetricFIR.sdc_line_22_55_1          N/A 
                   fir_clk  no_value  no_value  symmetricFIR.sdc_line_23_115_1             
 signal_i[5]   in  fir_clk     500.0     500.0  symmetricFIR.sdc_line_22_56_1          N/A 
                   fir_clk  no_value  no_value  symmetricFIR.sdc_line_23_116_1             
 signal_i[4]   in  fir_clk     500.0     500.0  symmetricFIR.sdc_line_22_57_1          N/A 
                   fir_clk  no_value  no_value  symmetricFIR.sdc_line_23_117_1             
 signal_i[3]   in  fir_clk     500.0     500.0  symmetricFIR.sdc_line_22_58_1          N/A 
                   fir_clk  no_value  no_value  symmetricFIR.sdc_line_23_118_1             
 signal_i[2]   in  fir_clk     500.0     500.0  symmetricFIR.sdc_line_22_59_1          N/A 
                   fir_clk  no_value  no_value  symmetricFIR.sdc_line_23_119_1             
 signal_i[1]   in  fir_clk     500.0     500.0  symmetricFIR.sdc_line_22_60_1          N/A 
                   fir_clk  no_value  no_value  symmetricFIR.sdc_line_23_120_1             
 signal_i[0]   in  fir_clk     500.0     500.0  symmetricFIR.sdc_line_22_61_1          N/A 
                   fir_clk  no_value  no_value  symmetricFIR.sdc_line_23_121_1             


 	 External Loads 
	 -------------- 
                        Pin       Wire Fanout 
     Port     Dir       Cap       Cap   Load  
----------------------------------------------
 clk_i         in  337.2r/301.8f   0.0        
 rst_i         in            0.0   0.0        
 load_i        in  173.7r/148.8f  29.9        
 coef0_i[7]    in      1.8r/1.6f   1.3        
 coef0_i[6]    in      1.8r/1.6f   1.3        
 coef0_i[5]    in      1.8r/1.6f   1.3        
 coef0_i[4]    in      1.8r/1.6f   1.3        
 coef0_i[3]    in      1.8r/1.6f   1.3        
 coef0_i[2]    in      1.8r/1.6f   1.3        
 coef0_i[1]    in      1.8r/1.6f   1.3        
 coef0_i[0]    in      1.8r/1.6f   1.3        
 coef1_i[7]    in      1.8r/1.6f   1.3        
 coef1_i[6]    in      1.8r/1.6f   1.3        
 coef1_i[5]    in      1.8r/1.6f   1.3        
 coef1_i[4]    in      1.8r/1.6f   1.3        
 coef1_i[3]    in      1.8r/1.6f   1.3        
 coef1_i[2]    in      1.8r/1.6f   1.3        
 coef1_i[1]    in      1.8r/1.6f   1.3        
 coef1_i[0]    in      1.8r/1.6f   1.3        
 coef2_i[7]    in      1.8r/1.6f   1.3        
 coef2_i[6]    in      1.8r/1.6f   1.3        
 coef2_i[5]    in      1.8r/1.6f   1.3        
 coef2_i[4]    in      1.8r/1.6f   1.3        
 coef2_i[3]    in      1.8r/1.6f   1.3        
 coef2_i[2]    in      1.8r/1.6f   1.3        
 coef2_i[1]    in      1.8r/1.6f   1.3        
 coef2_i[0]    in      1.8r/1.6f   1.3        
 coef3_i[7]    in      1.8r/1.6f   1.3        
 coef3_i[6]    in      1.8r/1.6f   1.3        
 coef3_i[5]    in      1.8r/1.6f   1.3        
 coef3_i[4]    in      1.8r/1.6f   1.3        
 coef3_i[3]    in      1.8r/1.6f   1.3        
 coef3_i[2]    in      1.8r/1.6f   1.3        
 coef3_i[1]    in      1.8r/1.6f   1.3        
 coef3_i[0]    in      1.8r/1.6f   1.3        
 coef4_i[7]    in      1.8r/1.6f   1.3        
 coef4_i[6]    in      1.8r/1.6f   1.3        
 coef4_i[5]    in      1.8r/1.6f   1.3        
 coef4_i[4]    in      1.8r/1.6f   1.3        
 coef4_i[3]    in      1.8r/1.6f   1.3        
 coef4_i[2]    in      1.8r/1.6f   1.3        
 coef4_i[1]    in      1.8r/1.6f   1.3        
 coef4_i[0]    in      1.8r/1.6f   1.3        
 coef5_i[7]    in      1.8r/1.6f   1.3        
 coef5_i[6]    in      1.8r/1.6f   1.3        
 coef5_i[5]    in      1.8r/1.6f   1.3        
 coef5_i[4]    in      1.8r/1.6f   1.3        
 coef5_i[3]    in      1.8r/1.6f   1.3        
 coef5_i[2]    in      1.8r/1.6f   1.3        
 coef5_i[1]    in      1.8r/1.6f   1.3        
 coef5_i[0]    in      1.8r/1.6f   1.3        
 signal_i[11]  in      5.3r/5.0f   2.5        
 signal_i[10]  in      5.3r/5.0f   2.5        
 signal_i[9]   in      5.2r/4.9f   2.5        
 signal_i[8]   in      5.3r/5.0f   2.5        
 signal_i[7]   in      5.2r/4.9f   2.5        
 signal_i[6]   in      8.3r/7.8f   2.5        
 signal_i[5]   in      5.2r/4.9f   2.5        
 signal_i[4]   in    14.6r/13.5f   2.5        
 signal_i[3]   in      8.3r/7.8f   2.5        
 signal_i[2]   in     10.4r/9.6f   2.5        
 signal_i[1]   in    14.6r/13.5f   2.5        
 signal_i[0]   in      8.2r/7.6f   2.5        


 	 External Driver/Slew
	 -------------------- 
                          External                 External                           Timing 
                           Driver                   Driver            Slew     Slew    Case   Ideal  
     Port     Dir         Max-Rise                 Max-Fall         Max-Rise Max-Fall  Value  Driver 
-----------------------------------------------------------------------------------------------------
 clk_i         in sky130_fd_sc_hd__buf_4/X sky130_fd_sc_hd__buf_4/X     29.1     35.3         false  
 rst_i         in sky130_fd_sc_hd__buf_4/X sky130_fd_sc_hd__buf_4/X     29.1     35.3         false  
 load_i        in sky130_fd_sc_hd__buf_4/X sky130_fd_sc_hd__buf_4/X   1172.8    307.6         false  
 coef0_i[7]    in sky130_fd_sc_hd__buf_4/X sky130_fd_sc_hd__buf_4/X     46.5     41.7         false  
 coef0_i[6]    in sky130_fd_sc_hd__buf_4/X sky130_fd_sc_hd__buf_4/X     46.5     41.7         false  
 coef0_i[5]    in sky130_fd_sc_hd__buf_4/X sky130_fd_sc_hd__buf_4/X     46.5     41.7         false  
 coef0_i[4]    in sky130_fd_sc_hd__buf_4/X sky130_fd_sc_hd__buf_4/X     46.5     41.7         false  
 coef0_i[3]    in sky130_fd_sc_hd__buf_4/X sky130_fd_sc_hd__buf_4/X     46.5     41.7         false  
 coef0_i[2]    in sky130_fd_sc_hd__buf_4/X sky130_fd_sc_hd__buf_4/X     46.5     41.7         false  
 coef0_i[1]    in sky130_fd_sc_hd__buf_4/X sky130_fd_sc_hd__buf_4/X     46.5     41.7         false  
 coef0_i[0]    in sky130_fd_sc_hd__buf_4/X sky130_fd_sc_hd__buf_4/X     46.5     41.7         false  
 coef1_i[7]    in sky130_fd_sc_hd__buf_4/X sky130_fd_sc_hd__buf_4/X     46.5     41.7         false  
 coef1_i[6]    in sky130_fd_sc_hd__buf_4/X sky130_fd_sc_hd__buf_4/X     46.5     41.7         false  
 coef1_i[5]    in sky130_fd_sc_hd__buf_4/X sky130_fd_sc_hd__buf_4/X     46.5     41.7         false  
 coef1_i[4]    in sky130_fd_sc_hd__buf_4/X sky130_fd_sc_hd__buf_4/X     46.5     41.7         false  
 coef1_i[3]    in sky130_fd_sc_hd__buf_4/X sky130_fd_sc_hd__buf_4/X     46.5     41.7         false  
 coef1_i[2]    in sky130_fd_sc_hd__buf_4/X sky130_fd_sc_hd__buf_4/X     46.5     41.7         false  
 coef1_i[1]    in sky130_fd_sc_hd__buf_4/X sky130_fd_sc_hd__buf_4/X     46.5     41.7         false  
 coef1_i[0]    in sky130_fd_sc_hd__buf_4/X sky130_fd_sc_hd__buf_4/X     46.5     41.7         false  
 coef2_i[7]    in sky130_fd_sc_hd__buf_4/X sky130_fd_sc_hd__buf_4/X     46.5     41.7         false  
 coef2_i[6]    in sky130_fd_sc_hd__buf_4/X sky130_fd_sc_hd__buf_4/X     46.5     41.7         false  
 coef2_i[5]    in sky130_fd_sc_hd__buf_4/X sky130_fd_sc_hd__buf_4/X     46.5     41.7         false  
 coef2_i[4]    in sky130_fd_sc_hd__buf_4/X sky130_fd_sc_hd__buf_4/X     46.5     41.7         false  
 coef2_i[3]    in sky130_fd_sc_hd__buf_4/X sky130_fd_sc_hd__buf_4/X     46.5     41.7         false  
 coef2_i[2]    in sky130_fd_sc_hd__buf_4/X sky130_fd_sc_hd__buf_4/X     46.5     41.7         false  
 coef2_i[1]    in sky130_fd_sc_hd__buf_4/X sky130_fd_sc_hd__buf_4/X     46.5     41.7         false  
 coef2_i[0]    in sky130_fd_sc_hd__buf_4/X sky130_fd_sc_hd__buf_4/X     46.5     41.7         false  
 coef3_i[7]    in sky130_fd_sc_hd__buf_4/X sky130_fd_sc_hd__buf_4/X     46.5     41.7         false  
 coef3_i[6]    in sky130_fd_sc_hd__buf_4/X sky130_fd_sc_hd__buf_4/X     46.5     41.7         false  
 coef3_i[5]    in sky130_fd_sc_hd__buf_4/X sky130_fd_sc_hd__buf_4/X     46.5     41.7         false  
 coef3_i[4]    in sky130_fd_sc_hd__buf_4/X sky130_fd_sc_hd__buf_4/X     46.5     41.7         false  
 coef3_i[3]    in sky130_fd_sc_hd__buf_4/X sky130_fd_sc_hd__buf_4/X     46.5     41.7         false  
 coef3_i[2]    in sky130_fd_sc_hd__buf_4/X sky130_fd_sc_hd__buf_4/X     46.5     41.7         false  
 coef3_i[1]    in sky130_fd_sc_hd__buf_4/X sky130_fd_sc_hd__buf_4/X     46.5     41.7         false  
 coef3_i[0]    in sky130_fd_sc_hd__buf_4/X sky130_fd_sc_hd__buf_4/X     46.5     41.7         false  
 coef4_i[7]    in sky130_fd_sc_hd__buf_4/X sky130_fd_sc_hd__buf_4/X     46.5     41.7         false  
 coef4_i[6]    in sky130_fd_sc_hd__buf_4/X sky130_fd_sc_hd__buf_4/X     46.5     41.7         false  
 coef4_i[5]    in sky130_fd_sc_hd__buf_4/X sky130_fd_sc_hd__buf_4/X     46.5     41.7         false  
 coef4_i[4]    in sky130_fd_sc_hd__buf_4/X sky130_fd_sc_hd__buf_4/X     46.5     41.7         false  
 coef4_i[3]    in sky130_fd_sc_hd__buf_4/X sky130_fd_sc_hd__buf_4/X     46.5     41.7         false  
 coef4_i[2]    in sky130_fd_sc_hd__buf_4/X sky130_fd_sc_hd__buf_4/X     46.5     41.7         false  
 coef4_i[1]    in sky130_fd_sc_hd__buf_4/X sky130_fd_sc_hd__buf_4/X     46.5     41.7         false  
 coef4_i[0]    in sky130_fd_sc_hd__buf_4/X sky130_fd_sc_hd__buf_4/X     46.5     41.7         false  
 coef5_i[7]    in sky130_fd_sc_hd__buf_4/X sky130_fd_sc_hd__buf_4/X     46.5     41.7         false  
 coef5_i[6]    in sky130_fd_sc_hd__buf_4/X sky130_fd_sc_hd__buf_4/X     46.5     41.7         false  
 coef5_i[5]    in sky130_fd_sc_hd__buf_4/X sky130_fd_sc_hd__buf_4/X     46.5     41.7         false  
 coef5_i[4]    in sky130_fd_sc_hd__buf_4/X sky130_fd_sc_hd__buf_4/X     46.5     41.7         false  
 coef5_i[3]    in sky130_fd_sc_hd__buf_4/X sky130_fd_sc_hd__buf_4/X     46.5     41.7         false  
 coef5_i[2]    in sky130_fd_sc_hd__buf_4/X sky130_fd_sc_hd__buf_4/X     46.5     41.7         false  
 coef5_i[1]    in sky130_fd_sc_hd__buf_4/X sky130_fd_sc_hd__buf_4/X     46.5     41.7         false  
 coef5_i[0]    in sky130_fd_sc_hd__buf_4/X sky130_fd_sc_hd__buf_4/X     46.5     41.7         false  
 signal_i[11]  in sky130_fd_sc_hd__buf_4/X sky130_fd_sc_hd__buf_4/X     72.0     50.3         false  
 signal_i[10]  in sky130_fd_sc_hd__buf_4/X sky130_fd_sc_hd__buf_4/X     72.0     50.3         false  
 signal_i[9]   in sky130_fd_sc_hd__buf_4/X sky130_fd_sc_hd__buf_4/X     71.4     50.2         false  
 signal_i[8]   in sky130_fd_sc_hd__buf_4/X sky130_fd_sc_hd__buf_4/X     72.0     50.3         false  
 signal_i[7]   in sky130_fd_sc_hd__buf_4/X sky130_fd_sc_hd__buf_4/X     71.4     50.2         false  
 signal_i[6]   in sky130_fd_sc_hd__buf_4/X sky130_fd_sc_hd__buf_4/X     88.4     55.2         false  
 signal_i[5]   in sky130_fd_sc_hd__buf_4/X sky130_fd_sc_hd__buf_4/X     71.4     50.2         false  
 signal_i[4]   in sky130_fd_sc_hd__buf_4/X sky130_fd_sc_hd__buf_4/X    122.8     65.0         false  
 signal_i[3]   in sky130_fd_sc_hd__buf_4/X sky130_fd_sc_hd__buf_4/X     88.4     55.2         false  
 signal_i[2]   in sky130_fd_sc_hd__buf_4/X sky130_fd_sc_hd__buf_4/X     99.8     58.3         false  
 signal_i[1]   in sky130_fd_sc_hd__buf_4/X sky130_fd_sc_hd__buf_4/X    122.8     65.0         false  
 signal_i[0]   in sky130_fd_sc_hd__buf_4/X sky130_fd_sc_hd__buf_4/X     87.8     54.8         false  
