============================================================
  Generated by:           Genus(TM) Synthesis Solution 19.14-s108_1
  Generated on:           Nov 20 2024  06:26:07 am
  Module:                 symmetricFIR
  Library domain:         SLT
    Domain index:         0
    Technology library:   sky130_fd_sc_hd__ss_n40C_1v60 1.0000000000
  Operating conditions:   ss_n40C_1v60 
  Interconnect mode:      global
  Area mode:              timing library
============================================================


 Clock Description
 ----------------- 

                  Clock                             Clock               No of   
      Mode        Name     Period    Rise   Fall    Domain  Pin/Port  Registers 
--------------------------------------------------------------------------------
SLT_Cworst_FUNC  fir_clk   5000.0   2500.0   0.0   domain_1   clk_i      192    

 Clock Network Latency / Setup Uncertainty
 ----------------------------------------- 

                          Network   Network   Source   Source     Setup        Setup    
                 Clock    Latency   Latency  Latency  Latency  Uncertainty  Uncertainty 
      Mode        Name     Rise      Fall      Rise     Fall       Rise         Fall    
----------------------------------------------------------------------------------------
SLT_Cworst_FUNC fir_clk       0.0       0.0      0.0      0.0        200.0        200.0 

 Clock Relationship (with uncertainty & latency)
 ----------------------------------------------- 

        Mode          From       To      R->R     R->F     F->R     F->F  
--------------------------------------------------------------------------
  SLT_Cworst_FUNC   fir_clk   fir_clk   4800.0   2300.0   2300.0   4800.0 
============================================================
  Generated by:           Genus(TM) Synthesis Solution 19.14-s108_1
  Generated on:           Nov 20 2024  06:26:07 am
  Module:                 symmetricFIR
  Library domain:         SLT
    Domain index:         0
    Technology library:   sky130_fd_sc_hd__ss_n40C_1v60 1.0000000000
  Operating conditions:   ss_n40C_1v60 
  Interconnect mode:      global
  Area mode:              timing library
============================================================

No clocks to report
