============================================================
  Generated by:           Genus(TM) Synthesis Solution 19.14-s108_1
  Generated on:           Nov 20 2024  06:26:08 am
  Module:                 symmetricFIR
  Library domain:         SLT
    Domain index:         0
    Technology library:   sky130_fd_sc_hd__ss_n40C_1v60 1.0000000000
  Operating conditions:   ss_n40C_1v60 
  Interconnect mode:      global
  Area mode:              timing library
============================================================

                                                        Leakage    Internal                                    Library 
              Gate               Instances    Area    Power (nW)  Power (nW)               Library              Domain 
-----------------------------------------------------------------------------------------------------------------------
sky130_fd_sc_hd__a21bo_1                11    110.106      0.026    13790.173    sky130_fd_sc_hd__ss_n40C_1v60     SLT 
sky130_fd_sc_hd__a21bo_2                 1     10.010      0.001     3083.457    sky130_fd_sc_hd__ss_n40C_1v60     SLT 
sky130_fd_sc_hd__a21boi_1                1      7.507      0.000      404.755    sky130_fd_sc_hd__ss_n40C_1v60     SLT 
sky130_fd_sc_hd__a21boi_2                1     11.261      0.000     2702.155    sky130_fd_sc_hd__ss_n40C_1v60     SLT 
sky130_fd_sc_hd__a21o_1                 16    120.115      0.007    10728.566    sky130_fd_sc_hd__ss_n40C_1v60     SLT 
sky130_fd_sc_hd__a21oi_1                 1      5.005      0.001      245.262    sky130_fd_sc_hd__ss_n40C_1v60     SLT 
sky130_fd_sc_hd__a21oi_2                 2     17.517      0.000     1093.434    sky130_fd_sc_hd__ss_n40C_1v60     SLT 
sky130_fd_sc_hd__a22o_1                  8     70.067      0.005     5845.755    sky130_fd_sc_hd__ss_n40C_1v60     SLT 
sky130_fd_sc_hd__a2bb2oi_1               1      8.758      0.000      683.252    sky130_fd_sc_hd__ss_n40C_1v60     SLT 
sky130_fd_sc_hd__and2_0                 12     75.072      0.006     4840.925    sky130_fd_sc_hd__ss_n40C_1v60     SLT 
sky130_fd_sc_hd__and2_1                 25    156.400      0.009    10075.949    sky130_fd_sc_hd__ss_n40C_1v60     SLT 
sky130_fd_sc_hd__and2_2                  1      7.507      0.000      653.550    sky130_fd_sc_hd__ss_n40C_1v60     SLT 
sky130_fd_sc_hd__and2_4                 12    105.101      0.021    11768.255    sky130_fd_sc_hd__ss_n40C_1v60     SLT 
sky130_fd_sc_hd__and2b_1                 3     22.522      0.001     1426.132    sky130_fd_sc_hd__ss_n40C_1v60     SLT 
sky130_fd_sc_hd__and3_1                 12     75.072      0.005     4945.930    sky130_fd_sc_hd__ss_n40C_1v60     SLT 
sky130_fd_sc_hd__and3b_1                 2     17.517      0.001     1317.517    sky130_fd_sc_hd__ss_n40C_1v60     SLT 
sky130_fd_sc_hd__buf_1                  39    146.390      0.002    25412.795    sky130_fd_sc_hd__ss_n40C_1v60     SLT 
sky130_fd_sc_hd__buf_2                  69    345.331      0.060    82723.608    sky130_fd_sc_hd__ss_n40C_1v60     SLT 
sky130_fd_sc_hd__buf_4                   8     60.058      0.010     4332.347    sky130_fd_sc_hd__ss_n40C_1v60     SLT 
sky130_fd_sc_hd__buf_6                   7     78.826      0.015     5565.642    sky130_fd_sc_hd__ss_n40C_1v60     SLT 
sky130_fd_sc_hd__buf_8                   2     30.029      0.006     2183.709    sky130_fd_sc_hd__ss_n40C_1v60     SLT 
sky130_fd_sc_hd__clkbuf_1                8     30.029      0.000     6289.834    sky130_fd_sc_hd__ss_n40C_1v60     SLT 
sky130_fd_sc_hd__clkbuf_16               1     25.024      0.006     1742.575    sky130_fd_sc_hd__ss_n40C_1v60     SLT 
sky130_fd_sc_hd__clkbuf_2               14     70.067      0.012    16596.841    sky130_fd_sc_hd__ss_n40C_1v60     SLT 
sky130_fd_sc_hd__clkbuf_8                1     13.763      0.003      891.870    sky130_fd_sc_hd__ss_n40C_1v60     SLT 
sky130_fd_sc_hd__clkinv_1               39    146.390      0.009     8443.809    sky130_fd_sc_hd__ss_n40C_1v60     SLT 
sky130_fd_sc_hd__clkinv_2               17     85.082      0.012     7300.708    sky130_fd_sc_hd__ss_n40C_1v60     SLT 
sky130_fd_sc_hd__clkinv_4                9     78.826      0.015     3199.311    sky130_fd_sc_hd__ss_n40C_1v60     SLT 
sky130_fd_sc_hd__dfrbp_1                57   1640.323      0.115   371793.336    sky130_fd_sc_hd__ss_n40C_1v60     SLT 
sky130_fd_sc_hd__dfrbp_2                 3     90.086      0.008    20040.555    sky130_fd_sc_hd__ss_n40C_1v60     SLT 
sky130_fd_sc_hd__dfrtp_1                79   1976.896      0.109   526201.499    sky130_fd_sc_hd__ss_n40C_1v60     SLT 
sky130_fd_sc_hd__dfrtp_2                 5    131.376      0.008    33730.166    sky130_fd_sc_hd__ss_n40C_1v60     SLT 
sky130_fd_sc_hd__dlygate4sd1_1           3     26.275      0.001     8164.149    sky130_fd_sc_hd__ss_n40C_1v60     SLT 
sky130_fd_sc_hd__dlygate4sd3_1           1     10.010      0.002      459.559    sky130_fd_sc_hd__ss_n40C_1v60     SLT 
sky130_fd_sc_hd__dlymetal6s2s_1          3     37.536      0.002     6557.651    sky130_fd_sc_hd__ss_n40C_1v60     SLT 
sky130_fd_sc_hd__fah_1                   5    168.912      0.015    15367.466    sky130_fd_sc_hd__ss_n40C_1v60     SLT 
sky130_fd_sc_hd__inv_1                 807   3029.155      0.223   176216.629    sky130_fd_sc_hd__ss_n40C_1v60     SLT 
sky130_fd_sc_hd__inv_2                1299   4875.926      0.691   371108.159    sky130_fd_sc_hd__ss_n40C_1v60     SLT 
sky130_fd_sc_hd__inv_4                  66    412.896      0.060    45408.496    sky130_fd_sc_hd__ss_n40C_1v60     SLT 
sky130_fd_sc_hd__inv_6                  10     87.584      0.016     4759.019    sky130_fd_sc_hd__ss_n40C_1v60     SLT 
sky130_fd_sc_hd__inv_8                   4     45.043      0.009     2234.414    sky130_fd_sc_hd__ss_n40C_1v60     SLT 
sky130_fd_sc_hd__maj3_1                  1     10.010      0.000     1245.585    sky130_fd_sc_hd__ss_n40C_1v60     SLT 
sky130_fd_sc_hd__maj3_2                  5     56.304      0.006    11272.158    sky130_fd_sc_hd__ss_n40C_1v60     SLT 
sky130_fd_sc_hd__nand2_1              3472  13032.499      1.142   896687.885    sky130_fd_sc_hd__ss_n40C_1v60     SLT 
sky130_fd_sc_hd__nand2_2              1977  12368.112      4.141  1239403.315    sky130_fd_sc_hd__ss_n40C_1v60     SLT 
sky130_fd_sc_hd__nand2_4               535   6024.528      1.073   696783.673    sky130_fd_sc_hd__ss_n40C_1v60     SLT 
sky130_fd_sc_hd__nand2_8                24    480.461      0.144    43559.777    sky130_fd_sc_hd__ss_n40C_1v60     SLT 
sky130_fd_sc_hd__nand2b_1              141    882.096      0.039    84459.203    sky130_fd_sc_hd__ss_n40C_1v60     SLT 
sky130_fd_sc_hd__nand2b_2               30    262.752      0.018    28390.031    sky130_fd_sc_hd__ss_n40C_1v60     SLT 
sky130_fd_sc_hd__nand2b_4                8    110.106      0.012    12395.975    sky130_fd_sc_hd__ss_n40C_1v60     SLT 
sky130_fd_sc_hd__nand3_1               579   2897.779      0.207   267288.162    sky130_fd_sc_hd__ss_n40C_1v60     SLT 
sky130_fd_sc_hd__nand3_2               215   2152.064      0.462   225413.429    sky130_fd_sc_hd__ss_n40C_1v60     SLT 
sky130_fd_sc_hd__nand3_4                 8    140.134      0.031    13746.998    sky130_fd_sc_hd__ss_n40C_1v60     SLT 
sky130_fd_sc_hd__nand3b_1               31    232.723      0.013    18644.828    sky130_fd_sc_hd__ss_n40C_1v60     SLT 
sky130_fd_sc_hd__nand3b_2                1     11.261      0.002     3126.304    sky130_fd_sc_hd__ss_n40C_1v60     SLT 
sky130_fd_sc_hd__nand4_1                35    218.960      0.019    17038.137    sky130_fd_sc_hd__ss_n40C_1v60     SLT 
sky130_fd_sc_hd__nand4_2                 8    100.096      0.022    15916.181    sky130_fd_sc_hd__ss_n40C_1v60     SLT 
sky130_fd_sc_hd__nand4_4                 1     21.270      0.007     2419.759    sky130_fd_sc_hd__ss_n40C_1v60     SLT 
sky130_fd_sc_hd__nand4b_1                1      8.758      0.001     1862.222    sky130_fd_sc_hd__ss_n40C_1v60     SLT 
sky130_fd_sc_hd__nor2_1                 12     45.043      0.003     2711.067    sky130_fd_sc_hd__ss_n40C_1v60     SLT 
sky130_fd_sc_hd__nor2_2                  4     25.024      0.002     1682.774    sky130_fd_sc_hd__ss_n40C_1v60     SLT 
sky130_fd_sc_hd__nor2_4                  2     22.522      0.002     1411.261    sky130_fd_sc_hd__ss_n40C_1v60     SLT 
sky130_fd_sc_hd__nor2b_1                24    150.144      0.005     9448.856    sky130_fd_sc_hd__ss_n40C_1v60     SLT 
sky130_fd_sc_hd__nor2b_2                 2     17.517      0.001     1221.565    sky130_fd_sc_hd__ss_n40C_1v60     SLT 
sky130_fd_sc_hd__nor2b_4                 1     13.763      0.001     1094.122    sky130_fd_sc_hd__ss_n40C_1v60     SLT 
sky130_fd_sc_hd__o211ai_1                1      7.507      0.001      418.215    sky130_fd_sc_hd__ss_n40C_1v60     SLT 
sky130_fd_sc_hd__o21a_1                  2     15.014      0.002     1117.447    sky130_fd_sc_hd__ss_n40C_1v60     SLT 
sky130_fd_sc_hd__o21ai_0                 6     30.029      0.003     2341.488    sky130_fd_sc_hd__ss_n40C_1v60     SLT 
sky130_fd_sc_hd__o21ai_1                17     85.082      0.002     8094.963    sky130_fd_sc_hd__ss_n40C_1v60     SLT 
sky130_fd_sc_hd__o21ai_2                 5     43.792      0.010     2424.342    sky130_fd_sc_hd__ss_n40C_1v60     SLT 
sky130_fd_sc_hd__o21bai_1                1      7.507      0.001      554.423    sky130_fd_sc_hd__ss_n40C_1v60     SLT 
sky130_fd_sc_hd__o22ai_2                 1     12.512      0.001      760.249    sky130_fd_sc_hd__ss_n40C_1v60     SLT 
sky130_fd_sc_hd__o2bb2ai_2               5     75.072      0.041     6298.866    sky130_fd_sc_hd__ss_n40C_1v60     SLT 
sky130_fd_sc_hd__or2_0                   1      6.256      0.000      122.032    sky130_fd_sc_hd__ss_n40C_1v60     SLT 
sky130_fd_sc_hd__or2_1                   2     12.512      0.000      321.002    sky130_fd_sc_hd__ss_n40C_1v60     SLT 
sky130_fd_sc_hd__sdfrtp_1               36   1126.080      0.040   282325.578    sky130_fd_sc_hd__ss_n40C_1v60     SLT 
sky130_fd_sc_hd__sdfrtp_2                9    292.781      0.012    71642.319    sky130_fd_sc_hd__ss_n40C_1v60     SLT 
sky130_fd_sc_hd__sdfrtp_4                3    105.101      0.006    24554.748    sky130_fd_sc_hd__ss_n40C_1v60     SLT 
sky130_fd_sc_hd__xnor2_1                20    175.168      0.012    34848.902    sky130_fd_sc_hd__ss_n40C_1v60     SLT 
sky130_fd_sc_hd__xnor2_2                 5     81.328      0.045    13948.780    sky130_fd_sc_hd__ss_n40C_1v60     SLT 
sky130_fd_sc_hd__xnor3_1                 1     22.522      0.003     1032.408    sky130_fd_sc_hd__ss_n40C_1v60     SLT 
sky130_fd_sc_hd__xor2_1                  9     78.826      0.004     7939.205    sky130_fd_sc_hd__ss_n40C_1v60     SLT 
sky130_fd_sc_hd__xor2_2                  3     48.797      0.003     2755.877    sky130_fd_sc_hd__ss_n40C_1v60     SLT 
sky130_fd_sc_hd__xor3_1                  1     23.773      0.003     2610.779    sky130_fd_sc_hd__ss_n40C_1v60     SLT 
-----------------------------------------------------------------------------------------------------------------------
total                                 9910  55994.954      9.034  5881664.104                                  


                                            Leakage  Leakage   Internal  Internal 
     Type      Instances    Area   Area % Power (nW) Power %  Power (nW)  Power % 
----------------------------------------------------------------------------------
sequential           192  5362.643    9.6      0.298     3.3 1330288.199     22.6 
inverter            2251  8760.902   15.6      1.035    11.5  618670.545     10.5 
buffer               156   873.338    1.6      0.120     1.3  160920.580      2.7 
logic               7311 40998.070   73.2      7.581    83.9 3771784.780     64.1 
physical_cells         0     0.000    0.0      0.000     0.0       0.000      0.0 
----------------------------------------------------------------------------------
total               9910 55994.954  100.0      9.034   100.0 5881664.104    100.0 

