============================================================
  Generated by:           Genus(TM) Synthesis Solution 19.14-s108_1
  Generated on:           Nov 20 2024  06:26:08 am
  Module:                 symmetricFIR
  Library domain:         SLT
    Domain index:         0
    Technology library:   sky130_fd_sc_hd__ss_n40C_1v60 1.0000000000
  Operating conditions:   ss_n40C_1v60 
  Interconnect mode:      global
  Area mode:              timing library
============================================================

                           Instantiated/                              
         Register             Inferred               Type             
----------------------------------------------------------------------
delayed_signal_reg[0][0]   inferred      flip-flop asynchronous reset 
delayed_signal_reg[0][1]   inferred      flip-flop asynchronous reset 
delayed_signal_reg[0][2]   inferred      flip-flop asynchronous reset 
delayed_signal_reg[0][3]   inferred      flip-flop asynchronous reset 
delayed_signal_reg[0][4]   inferred      flip-flop asynchronous reset 
delayed_signal_reg[0][5]   inferred      flip-flop asynchronous reset 
delayed_signal_reg[0][6]   inferred      flip-flop asynchronous reset 
delayed_signal_reg[0][7]   inferred      flip-flop asynchronous reset 
delayed_signal_reg[0][8]   inferred      flip-flop asynchronous reset 
delayed_signal_reg[0][9]   inferred      flip-flop asynchronous reset 
delayed_signal_reg[0][10]  inferred      flip-flop asynchronous reset 
delayed_signal_reg[0][11]  inferred      flip-flop asynchronous reset 
delayed_signal_reg[1][0]   inferred      flip-flop asynchronous reset 
delayed_signal_reg[1][1]   inferred      flip-flop asynchronous reset 
delayed_signal_reg[1][2]   inferred      flip-flop asynchronous reset 
delayed_signal_reg[1][3]   inferred      flip-flop asynchronous reset 
delayed_signal_reg[1][4]   inferred      flip-flop asynchronous reset 
delayed_signal_reg[1][8]   inferred      flip-flop asynchronous reset 
delayed_signal_reg[2][0]   inferred      flip-flop asynchronous reset 
delayed_signal_reg[2][1]   inferred      flip-flop asynchronous reset 
delayed_signal_reg[2][2]   inferred      flip-flop asynchronous reset 
delayed_signal_reg[2][3]   inferred      flip-flop asynchronous reset 
delayed_signal_reg[3][0]   inferred      flip-flop asynchronous reset 
delayed_signal_reg[3][1]   inferred      flip-flop asynchronous reset 
delayed_signal_reg[3][2]   inferred      flip-flop asynchronous reset 
delayed_signal_reg[3][3]   inferred      flip-flop asynchronous reset 
delayed_signal_reg[3][4]   inferred      flip-flop asynchronous reset 
delayed_signal_reg[3][5]   inferred      flip-flop asynchronous reset 
delayed_signal_reg[3][6]   inferred      flip-flop asynchronous reset 
delayed_signal_reg[3][8]   inferred      flip-flop asynchronous reset 
delayed_signal_reg[3][9]   inferred      flip-flop asynchronous reset 
delayed_signal_reg[4][0]   inferred      flip-flop asynchronous reset 
delayed_signal_reg[4][1]   inferred      flip-flop asynchronous reset 
delayed_signal_reg[4][2]   inferred      flip-flop asynchronous reset 
delayed_signal_reg[4][3]   inferred      flip-flop asynchronous reset 
delayed_signal_reg[4][4]   inferred      flip-flop asynchronous reset 
delayed_signal_reg[4][5]   inferred      flip-flop asynchronous reset 
delayed_signal_reg[4][6]   inferred      flip-flop asynchronous reset 
delayed_signal_reg[4][8]   inferred      flip-flop asynchronous reset 
delayed_signal_reg[4][10]  inferred      flip-flop asynchronous reset 
delayed_signal_reg[5][0]   inferred      flip-flop asynchronous reset 
delayed_signal_reg[5][1]   inferred      flip-flop asynchronous reset 
delayed_signal_reg[5][2]   inferred      flip-flop asynchronous reset 
delayed_signal_reg[5][3]   inferred      flip-flop asynchronous reset 
delayed_signal_reg[5][4]   inferred      flip-flop asynchronous reset 
delayed_signal_reg[6][0]   inferred      flip-flop asynchronous reset 
delayed_signal_reg[6][1]   inferred      flip-flop asynchronous reset 
delayed_signal_reg[6][2]   inferred      flip-flop asynchronous reset 
delayed_signal_reg[6][3]   inferred      flip-flop asynchronous reset 
delayed_signal_reg[6][4]   inferred      flip-flop asynchronous reset 
delayed_signal_reg[7][0]   inferred      flip-flop asynchronous reset 
delayed_signal_reg[7][1]   inferred      flip-flop asynchronous reset 
delayed_signal_reg[7][2]   inferred      flip-flop asynchronous reset 
delayed_signal_reg[7][3]   inferred      flip-flop asynchronous reset 
delayed_signal_reg[7][4]   inferred      flip-flop asynchronous reset 
delayed_signal_reg[7][5]   inferred      flip-flop asynchronous reset 
delayed_signal_reg[7][6]   inferred      flip-flop asynchronous reset 
delayed_signal_reg[7][8]   inferred      flip-flop asynchronous reset 
delayed_signal_reg[7][10]  inferred      flip-flop asynchronous reset 
delayed_signal_reg[8][0]   inferred      flip-flop asynchronous reset 
delayed_signal_reg[8][1]   inferred      flip-flop asynchronous reset 
delayed_signal_reg[8][2]   inferred      flip-flop asynchronous reset 
delayed_signal_reg[8][3]   inferred      flip-flop asynchronous reset 
delayed_signal_reg[8][4]   inferred      flip-flop asynchronous reset 
delayed_signal_reg[8][5]   inferred      flip-flop asynchronous reset 
delayed_signal_reg[8][6]   inferred      flip-flop asynchronous reset 
delayed_signal_reg[8][8]   inferred      flip-flop asynchronous reset 
delayed_signal_reg[8][9]   inferred      flip-flop asynchronous reset 
delayed_signal_reg[9][0]   inferred      flip-flop asynchronous reset 
delayed_signal_reg[9][1]   inferred      flip-flop asynchronous reset 
delayed_signal_reg[9][2]   inferred      flip-flop asynchronous reset 
delayed_signal_reg[9][3]   inferred      flip-flop asynchronous reset 
delayed_signal_reg[10][0]  inferred      flip-flop asynchronous reset 
delayed_signal_reg[10][1]  inferred      flip-flop asynchronous reset 
delayed_signal_reg[10][2]  inferred      flip-flop asynchronous reset 
delayed_signal_reg[10][3]  inferred      flip-flop asynchronous reset 
delayed_signal_reg[10][4]  inferred      flip-flop asynchronous reset 
delayed_signal_reg[10][8]  inferred      flip-flop asynchronous reset 
delayed_signal_reg[11][0]  inferred      flip-flop asynchronous reset 
delayed_signal_reg[11][1]  inferred      flip-flop asynchronous reset 
delayed_signal_reg[11][2]  inferred      flip-flop asynchronous reset 
delayed_signal_reg[11][3]  inferred      flip-flop asynchronous reset 
delayed_signal_reg[11][6]  inferred      flip-flop asynchronous reset 
delayed_signal_reg[11][8]  inferred      flip-flop asynchronous reset 
delayed_signal_reg[1][5]   inferred      flip-flop asynchronous reset 
delayed_signal_reg[1][6]   inferred      flip-flop asynchronous reset 
delayed_signal_reg[1][7]   inferred      flip-flop asynchronous reset 
delayed_signal_reg[1][9]   inferred      flip-flop asynchronous reset 
delayed_signal_reg[1][10]  inferred      flip-flop asynchronous reset 
delayed_signal_reg[1][11]  inferred      flip-flop asynchronous reset 
delayed_signal_reg[2][4]   inferred      flip-flop asynchronous reset 
delayed_signal_reg[2][5]   inferred      flip-flop asynchronous reset 
delayed_signal_reg[2][6]   inferred      flip-flop asynchronous reset 
delayed_signal_reg[2][7]   inferred      flip-flop asynchronous reset 
delayed_signal_reg[2][8]   inferred      flip-flop asynchronous reset 
delayed_signal_reg[2][9]   inferred      flip-flop asynchronous reset 
delayed_signal_reg[2][10]  inferred      flip-flop asynchronous reset 
delayed_signal_reg[2][11]  inferred      flip-flop asynchronous reset 
delayed_signal_reg[3][7]   inferred      flip-flop asynchronous reset 
delayed_signal_reg[3][10]  inferred      flip-flop asynchronous reset 
delayed_signal_reg[3][11]  inferred      flip-flop asynchronous reset 
delayed_signal_reg[4][7]   inferred      flip-flop asynchronous reset 
delayed_signal_reg[4][9]   inferred      flip-flop asynchronous reset 
delayed_signal_reg[4][11]  inferred      flip-flop asynchronous reset 
delayed_signal_reg[5][5]   inferred      flip-flop asynchronous reset 
delayed_signal_reg[5][6]   inferred      flip-flop asynchronous reset 
delayed_signal_reg[5][7]   inferred      flip-flop asynchronous reset 
delayed_signal_reg[5][8]   inferred      flip-flop asynchronous reset 
delayed_signal_reg[5][9]   inferred      flip-flop asynchronous reset 
delayed_signal_reg[5][10]  inferred      flip-flop asynchronous reset 
delayed_signal_reg[5][11]  inferred      flip-flop asynchronous reset 
delayed_signal_reg[6][5]   inferred      flip-flop asynchronous reset 
delayed_signal_reg[6][6]   inferred      flip-flop asynchronous reset 
delayed_signal_reg[6][7]   inferred      flip-flop asynchronous reset 
delayed_signal_reg[6][8]   inferred      flip-flop asynchronous reset 
delayed_signal_reg[6][9]   inferred      flip-flop asynchronous reset 
delayed_signal_reg[6][10]  inferred      flip-flop asynchronous reset 
delayed_signal_reg[6][11]  inferred      flip-flop asynchronous reset 
delayed_signal_reg[7][7]   inferred      flip-flop asynchronous reset 
delayed_signal_reg[7][9]   inferred      flip-flop asynchronous reset 
delayed_signal_reg[7][11]  inferred      flip-flop asynchronous reset 
delayed_signal_reg[8][7]   inferred      flip-flop asynchronous reset 
delayed_signal_reg[8][10]  inferred      flip-flop asynchronous reset 
delayed_signal_reg[8][11]  inferred      flip-flop asynchronous reset 
delayed_signal_reg[9][4]   inferred      flip-flop asynchronous reset 
delayed_signal_reg[9][5]   inferred      flip-flop asynchronous reset 
delayed_signal_reg[9][6]   inferred      flip-flop asynchronous reset 
delayed_signal_reg[9][7]   inferred      flip-flop asynchronous reset 
delayed_signal_reg[9][8]   inferred      flip-flop asynchronous reset 
delayed_signal_reg[9][9]   inferred      flip-flop asynchronous reset 
delayed_signal_reg[9][10]  inferred      flip-flop asynchronous reset 
delayed_signal_reg[9][11]  inferred      flip-flop asynchronous reset 
delayed_signal_reg[10][5]  inferred      flip-flop asynchronous reset 
delayed_signal_reg[10][6]  inferred      flip-flop asynchronous reset 
delayed_signal_reg[10][7]  inferred      flip-flop asynchronous reset 
delayed_signal_reg[10][9]  inferred      flip-flop asynchronous reset 
delayed_signal_reg[10][10] inferred      flip-flop asynchronous reset 
delayed_signal_reg[10][11] inferred      flip-flop asynchronous reset 
delayed_signal_reg[11][4]  inferred      flip-flop asynchronous reset 
delayed_signal_reg[11][5]  inferred      flip-flop asynchronous reset 
delayed_signal_reg[11][7]  inferred      flip-flop asynchronous reset 
delayed_signal_reg[11][9]  inferred      flip-flop asynchronous reset 
delayed_signal_reg[11][10] inferred      flip-flop asynchronous reset 
delayed_signal_reg[11][11] inferred      flip-flop asynchronous reset 
coeff_reg[0][0]            inferred      flip-flop asynchronous reset 
coeff_reg[0][6]            inferred      flip-flop asynchronous reset 
coeff_reg[0][7]            inferred      flip-flop asynchronous reset 
coeff_reg[1][0]            inferred      flip-flop asynchronous reset 
coeff_reg[4][6]            inferred      flip-flop asynchronous reset 
coeff_reg[4][7]            inferred      flip-flop asynchronous reset 
coeff_reg[5][0]            inferred      flip-flop asynchronous reset 
coeff_reg[5][1]            inferred      flip-flop asynchronous reset 
coeff_reg[1][1]            inferred      flip-flop asynchronous reset 
coeff_reg[5][2]            inferred      flip-flop asynchronous reset 
coeff_reg[5][3]            inferred      flip-flop asynchronous reset 
coeff_reg[5][4]            inferred      flip-flop asynchronous reset 
coeff_reg[5][5]            inferred      flip-flop asynchronous reset 
coeff_reg[1][2]            inferred      flip-flop asynchronous reset 
coeff_reg[1][3]            inferred      flip-flop asynchronous reset 
coeff_reg[5][6]            inferred      flip-flop asynchronous reset 
coeff_reg[5][7]            inferred      flip-flop asynchronous reset 
coeff_reg[1][4]            inferred      flip-flop asynchronous reset 
coeff_reg[1][5]            inferred      flip-flop asynchronous reset 
coeff_reg[1][6]            inferred      flip-flop asynchronous reset 
coeff_reg[1][7]            inferred      flip-flop asynchronous reset 
coeff_reg[2][0]            inferred      flip-flop asynchronous reset 
coeff_reg[2][1]            inferred      flip-flop asynchronous reset 
coeff_reg[2][2]            inferred      flip-flop asynchronous reset 
coeff_reg[2][3]            inferred      flip-flop asynchronous reset 
coeff_reg[2][4]            inferred      flip-flop asynchronous reset 
coeff_reg[2][5]            inferred      flip-flop asynchronous reset 
coeff_reg[0][1]            inferred      flip-flop asynchronous reset 
coeff_reg[2][6]            inferred      flip-flop asynchronous reset 
coeff_reg[2][7]            inferred      flip-flop asynchronous reset 
coeff_reg[3][0]            inferred      flip-flop asynchronous reset 
coeff_reg[3][1]            inferred      flip-flop asynchronous reset 
coeff_reg[3][2]            inferred      flip-flop asynchronous reset 
coeff_reg[3][3]            inferred      flip-flop asynchronous reset 
coeff_reg[3][4]            inferred      flip-flop asynchronous reset 
coeff_reg[3][5]            inferred      flip-flop asynchronous reset 
coeff_reg[0][2]            inferred      flip-flop asynchronous reset 
coeff_reg[0][3]            inferred      flip-flop asynchronous reset 
coeff_reg[3][6]            inferred      flip-flop asynchronous reset 
coeff_reg[3][7]            inferred      flip-flop asynchronous reset 
coeff_reg[4][0]            inferred      flip-flop asynchronous reset 
coeff_reg[4][1]            inferred      flip-flop asynchronous reset 
coeff_reg[0][4]            inferred      flip-flop asynchronous reset 
coeff_reg[4][2]            inferred      flip-flop asynchronous reset 
coeff_reg[4][3]            inferred      flip-flop asynchronous reset 
coeff_reg[0][5]            inferred      flip-flop asynchronous reset 
coeff_reg[4][4]            inferred      flip-flop asynchronous reset 
coeff_reg[4][5]            inferred      flip-flop asynchronous reset 
